<?xml version="1.0" encoding="UTF-8"?>
<robot generator="Robot 7.4.2 (Python 3.14.5 on linux)" generated="2026-06-10T14:23:42.312546" rpa="false" schemaversion="5">
<suite id="s1" name="Example" source="/home/runner/work/sample_robot_test/sample_robot_test/example.robot">
<test id="s1-t1" name="Simple Test" line="8">
<kw name="Log" owner="BuiltIn">
<msg time="2026-06-10T14:23:42.334996" level="INFO">Hello, Robot Framework</msg>
<arg>Hello, ${NAME}</arg>
<doc>Logs the given message with the given level.</doc>
<status status="PASS" start="2026-06-10T14:23:42.334767" elapsed="0.000276"/>
</kw>
<kw name="Should Be Equal" owner="BuiltIn">
<arg>${NAME}</arg>
<arg>Robot Framework</arg>
<doc>Fails if the given objects are unequal.</doc>
<status status="PASS" start="2026-06-10T14:23:42.335131" elapsed="0.000169"/>
</kw>
<status status="PASS" start="2026-06-10T14:23:42.334287" elapsed="0.001076"/>
</test>
<test id="s1-t2" name="List Test" line="12">
<kw name="Create List" owner="BuiltIn">
<msg time="2026-06-10T14:23:42.338355" level="INFO">@{items} = [ apple | banana | orange ]</msg>
<var>@{items}</var>
<arg>apple</arg>
<arg>banana</arg>
<arg>orange</arg>
<doc>Returns a list containing given items.</doc>
<status status="PASS" start="2026-06-10T14:23:42.335641" elapsed="0.002733"/>
</kw>
<kw name="Length Should Be" owner="BuiltIn">
<msg time="2026-06-10T14:23:42.338738" level="INFO">Length is 3.</msg>
<arg>${items}</arg>
<arg>3</arg>
<doc>Verifies that the length of the given item is correct.</doc>
<status status="PASS" start="2026-06-10T14:23:42.338432" elapsed="0.000334"/>
</kw>
<status status="PASS" start="2026-06-10T14:23:42.335488" elapsed="0.003350"/>
</test>
<status status="PASS" start="2026-06-10T14:23:42.313188" elapsed="0.025900"/>
</suite>
<statistics>
<total>
<stat pass="2" fail="0" skip="0">All Tests</stat>
</total>
<tag>
</tag>
<suite>
<stat name="Example" id="s1" pass="2" fail="0" skip="0">Example</stat>
</suite>
</statistics>
<errors>
</errors>
</robot>
